  [1m[36m (1.2ms)[0m  [1mCREATE TABLE "schema_migrations" ("version" varchar NOT NULL) [0m
  [1m[35m (0.0ms)[0m  select sqlite_version(*)
  [1m[36m (1.0ms)[0m  [1mCREATE UNIQUE INDEX "unique_schema_migrations" ON "schema_migrations" ("version")[0m
  [1m[35mActiveRecord::SchemaMigration Load (0.1ms)[0m  SELECT "schema_migrations".* FROM "schema_migrations"
  [1m[36mActiveRecord::SchemaMigration Load (0.1ms)[0m  [1mSELECT "schema_migrations".* FROM "schema_migrations"[0m
Migrating to CreatePosts (20151230232412)
  [1m[35m (0.1ms)[0m  begin transaction
  [1m[36m (0.4ms)[0m  [1mCREATE TABLE "posts" ("id" INTEGER PRIMARY KEY AUTOINCREMENT NOT NULL, "title" varchar, "description" text, "created_at" datetime NOT NULL, "updated_at" datetime NOT NULL) [0m
  [1m[35mSQL (0.2ms)[0m  INSERT INTO "schema_migrations" ("version") VALUES (?)  [["version", "20151230232412"]]
  [1m[36m (1.3ms)[0m  [1mcommit transaction[0m
  [1m[35mActiveRecord::SchemaMigration Load (0.1ms)[0m  SELECT "schema_migrations".* FROM "schema_migrations"


Started GET "/posts/new" for ::1 at 2015-12-31 13:44:56 -0600
  [1m[36mActiveRecord::SchemaMigration Load (0.1ms)[0m  [1mSELECT "schema_migrations".* FROM "schema_migrations"[0m
Processing by PostsController#new as HTML
  Rendered posts/new.html.erb within layouts/application (2.1ms)
Completed 200 OK in 347ms (Views: 326.8ms | ActiveRecord: 0.2ms)


Started GET "/assets/application.self-e80e8f2318043e8af94dddc2adad5a4f09739a8ebb323b3ab31cd71d45fd9113.css?body=1" for ::1 at 2015-12-31 13:44:57 -0600


Started GET "/assets/application.self-3b8dabdc891efe46b9a144b400ad69e37d7e5876bdc39dee783419a69d7ca819.js?body=1" for ::1 at 2015-12-31 13:44:57 -0600


Started POST "/posts" for ::1 at 2015-12-31 13:45:03 -0600
Processing by PostsController#create as HTML
  Parameters: {"utf8"=>"✓", "authenticity_token"=>"mFCuNJP5reOW19phdr4zXRLzOMo4NZQ3wneiVR+RO/+owIoDiOxh24iHKkZ7DGazxbSIoRmvIOmJgA4gog1sGg==", "title"=>"Rails Introduction Quiz", "description"=>"asdfasdf", "commit"=>"Submit Post"}
  [1m[35m (0.1ms)[0m  begin transaction
  [1m[36mSQL (0.4ms)[0m  [1mINSERT INTO "posts" ("title", "description", "created_at", "updated_at") VALUES (?, ?, ?, ?)[0m  [["title", "Rails Introduction Quiz"], ["description", "asdfasdf"], ["created_at", "2015-12-31 19:45:03.614973"], ["updated_at", "2015-12-31 19:45:03.614973"]]
  [1m[35m (1.2ms)[0m  commit transaction
Redirected to http://localhost:3000/posts/1
Completed 302 Found in 22ms (ActiveRecord: 1.7ms)


Started GET "/posts/1" for ::1 at 2015-12-31 13:45:03 -0600
Processing by PostsController#show as HTML
  Parameters: {"id"=>"1"}
  [1m[36mPost Load (0.2ms)[0m  [1mSELECT  "posts".* FROM "posts" WHERE "posts"."id" = ? LIMIT 1[0m  [["id", 1]]
  Rendered posts/show.html.erb within layouts/application (0.4ms)
Completed 200 OK in 27ms (Views: 10.4ms | ActiveRecord: 0.2ms)
  [1m[36mPost Load (0.2ms)[0m  [1m[34mSELECT "posts".* FROM "posts"[0m
  [1m[35m (0.1ms)[0m  [1m[36mbegin transaction[0m
  [1m[35mSQL (0.7ms)[0m  [1m[32mINSERT INTO "posts" ("title", "description", "created_at", "updated_at") VALUES (?, ?, ?, ?)[0m  [["title", "Title goes here"], ["description", "desc goes here"], ["created_at", "2019-09-01 14:29:33.667661"], ["updated_at", "2019-09-01 14:29:33.667661"]]
  [1m[35m (1.8ms)[0m  [1m[36mcommit transaction[0m
  [1m[36mPost Load (0.2ms)[0m  [1m[34mSELECT "posts".* FROM "posts"[0m
Started GET "/" for ::1 at 2019-09-01 15:34:48 +0100
  [1m[36mActiveRecord::SchemaMigration Load (0.1ms)[0m  [1m[34mSELECT "schema_migrations".* FROM "schema_migrations"[0m
Processing by Rails::WelcomeController#index as HTML
  Parameters: {"internal"=>true}
  Rendering /Users/flatironschool/.rvm/gems/ruby-2.6.1/gems/railties-5.0.7.2/lib/rails/templates/rails/welcome/index.html.erb
  Rendered /Users/flatironschool/.rvm/gems/ruby-2.6.1/gems/railties-5.0.7.2/lib/rails/templates/rails/welcome/index.html.erb (3.8ms)
Completed 200 OK in 23ms (Views: 13.2ms | ActiveRecord: 0.0ms)


Started GET "/posts" for ::1 at 2019-09-01 15:34:51 +0100
Processing by PostsController#index as HTML
  Rendering posts/index.html.erb within layouts/application
  [1m[36mPost Load (0.2ms)[0m  [1m[34mSELECT "posts".* FROM "posts"[0m
  Rendered posts/index.html.erb within layouts/application (13.0ms)
Completed 200 OK in 581ms (Views: 575.5ms | ActiveRecord: 1.3ms)


Started GET "/posts/new" for ::1 at 2019-09-01 15:35:03 +0100
Processing by PostsController#new as HTML
  Rendering posts/new.html.erb within layouts/application
  Rendered posts/new.html.erb within layouts/application (0.8ms)
Completed 200 OK in 37ms (Views: 26.2ms | ActiveRecord: 0.0ms)


Started POST "/posts" for ::1 at 2019-09-01 15:35:22 +0100
Processing by PostsController#create as HTML
  Parameters: {"utf8"=>"✓", "authenticity_token"=>"8eWxk3Jlbbsf0IQHYXVs8drAXv6N5CgcXmwGGlijD/sVX+1uY9K1MPYa9TqnhE/bITNzvd4XxpMNvtxaP1yt8g==", "title"=>"new one", "description"=>"some words", "commit"=>"Submit Post"}
  [1m[35m (0.1ms)[0m  [1m[36mbegin transaction[0m
  [1m[35mSQL (8.8ms)[0m  [1m[32mINSERT INTO "posts" ("title", "description", "created_at", "updated_at") VALUES (?, ?, ?, ?)[0m  [["title", "new one"], ["description", "some words"], ["created_at", "2019-09-01 14:35:22.525421"], ["updated_at", "2019-09-01 14:35:22.525421"]]
  [1m[35m (4.4ms)[0m  [1m[36mcommit transaction[0m
No template found for PostsController#create, rendering head :no_content
Completed 204 No Content in 96ms (ActiveRecord: 13.4ms)


  [1m[36mPost Load (2.7ms)[0m  [1m[34mSELECT "posts".* FROM "posts"[0m
Started GET "/posts/new" for ::1 at 2019-09-01 15:37:48 +0100
Processing by PostsController#new as HTML
  Rendering posts/new.html.erb within layouts/application
  Rendered posts/new.html.erb within layouts/application (1.6ms)
Completed 200 OK in 34ms (Views: 25.4ms | ActiveRecord: 0.5ms)


Started POST "/posts" for ::1 at 2019-09-01 15:37:54 +0100
Processing by PostsController#create as HTML
  Parameters: {"utf8"=>"✓", "authenticity_token"=>"uKr7/BCMENuZtBBQzFU9AWYkQDeBIDo5vgPN2+tvBwdcEKcBATvIUHB+YW0KpB4rnddtdNLT1Lbt0RebjJClDg==", "title"=>"next one", "description"=>"even more words", "commit"=>"Submit Post"}
  [1m[35m (0.1ms)[0m  [1m[36mbegin transaction[0m
  [1m[35mSQL (0.4ms)[0m  [1m[32mINSERT INTO "posts" ("title", "description", "created_at", "updated_at") VALUES (?, ?, ?, ?)[0m  [["title", "next one"], ["description", "even more words"], ["created_at", "2019-09-01 14:37:54.982413"], ["updated_at", "2019-09-01 14:37:54.982413"]]
  [1m[35m (4.1ms)[0m  [1m[36mcommit transaction[0m
Redirected to http://localhost:3000posts_path
Completed 302 Found in 10ms (ActiveRecord: 4.5ms)


Started POST "/posts" for ::1 at 2019-09-01 15:37:54 +0100
Processing by PostsController#create as HTML
  Parameters: {"utf8"=>"✓", "authenticity_token"=>"uKr7/BCMENuZtBBQzFU9AWYkQDeBIDo5vgPN2+tvBwdcEKcBATvIUHB+YW0KpB4rnddtdNLT1Lbt0RebjJClDg==", "title"=>"next one", "description"=>"even more words", "commit"=>"Submit Post"}
  [1m[35m (0.1ms)[0m  [1m[36mbegin transaction[0m
  [1m[35mSQL (0.4ms)[0m  [1m[32mINSERT INTO "posts" ("title", "description", "created_at", "updated_at") VALUES (?, ?, ?, ?)[0m  [["title", "next one"], ["description", "even more words"], ["created_at", "2019-09-01 14:37:55.000897"], ["updated_at", "2019-09-01 14:37:55.000897"]]
  [1m[35m (4.3ms)[0m  [1m[36mcommit transaction[0m
Redirected to http://localhost:3000posts_path
Completed 302 Found in 9ms (ActiveRecord: 4.7ms)


Started POST "/posts" for ::1 at 2019-09-01 15:37:55 +0100
Processing by PostsController#create as HTML
  Parameters: {"utf8"=>"✓", "authenticity_token"=>"uKr7/BCMENuZtBBQzFU9AWYkQDeBIDo5vgPN2+tvBwdcEKcBATvIUHB+YW0KpB4rnddtdNLT1Lbt0RebjJClDg==", "title"=>"next one", "description"=>"even more words", "commit"=>"Submit Post"}
  [1m[35m (0.1ms)[0m  [1m[36mbegin transaction[0m
  [1m[35mSQL (0.4ms)[0m  [1m[32mINSERT INTO "posts" ("title", "description", "created_at", "updated_at") VALUES (?, ?, ?, ?)[0m  [["title", "next one"], ["description", "even more words"], ["created_at", "2019-09-01 14:37:55.015395"], ["updated_at", "2019-09-01 14:37:55.015395"]]
  [1m[35m (2.0ms)[0m  [1m[36mcommit transaction[0m
Redirected to http://localhost:3000posts_path
Completed 302 Found in 5ms (ActiveRecord: 2.4ms)


Started GET "/posts/new" for ::1 at 2019-09-01 15:39:48 +0100
Processing by PostsController#new as HTML
  Rendering posts/new.html.erb within layouts/application
  Rendered posts/new.html.erb within layouts/application (15.7ms)
Completed 200 OK in 32ms (Views: 23.9ms | ActiveRecord: 0.6ms)


Started POST "/posts" for ::1 at 2019-09-01 15:39:58 +0100
Processing by PostsController#create as HTML
  Parameters: {"utf8"=>"✓", "authenticity_token"=>"BaOcZpZh/LlwUh/LvrpbQuJ0uYdq8JYVhEDSjTFsUpDhGcCbh9YkMpmYbvZ4S3hoGYeUxDkDeJrXkgjNVpPwmQ==", "title"=>"number 72", "description"=>"wefhwef", "commit"=>"Submit Post"}
  [1m[35m (0.1ms)[0m  [1m[36mbegin transaction[0m
  [1m[35mSQL (0.7ms)[0m  [1m[32mINSERT INTO "posts" ("title", "description", "created_at", "updated_at") VALUES (?, ?, ?, ?)[0m  [["title", "number 72"], ["description", "wefhwef"], ["created_at", "2019-09-01 14:39:58.541801"], ["updated_at", "2019-09-01 14:39:58.541801"]]
  [1m[35m (1.6ms)[0m  [1m[36mcommit transaction[0m
Redirected to http://localhost:3000post_path
Completed 302 Found in 6ms (ActiveRecord: 2.4ms)


Started POST "/posts" for ::1 at 2019-09-01 15:39:58 +0100
Processing by PostsController#create as HTML
  Parameters: {"utf8"=>"✓", "authenticity_token"=>"BaOcZpZh/LlwUh/LvrpbQuJ0uYdq8JYVhEDSjTFsUpDhGcCbh9YkMpmYbvZ4S3hoGYeUxDkDeJrXkgjNVpPwmQ==", "title"=>"number 72", "description"=>"wefhwef", "commit"=>"Submit Post"}
  [1m[35m (0.1ms)[0m  [1m[36mbegin transaction[0m
  [1m[35mSQL (0.4ms)[0m  [1m[32mINSERT INTO "posts" ("title", "description", "created_at", "updated_at") VALUES (?, ?, ?, ?)[0m  [["title", "number 72"], ["description", "wefhwef"], ["created_at", "2019-09-01 14:39:58.559800"], ["updated_at", "2019-09-01 14:39:58.559800"]]
  [1m[35m (1.5ms)[0m  [1m[36mcommit transaction[0m
Redirected to http://localhost:3000post_path
Completed 302 Found in 5ms (ActiveRecord: 2.1ms)


Started POST "/posts" for ::1 at 2019-09-01 15:39:58 +0100
Processing by PostsController#create as HTML
  Parameters: {"utf8"=>"✓", "authenticity_token"=>"BaOcZpZh/LlwUh/LvrpbQuJ0uYdq8JYVhEDSjTFsUpDhGcCbh9YkMpmYbvZ4S3hoGYeUxDkDeJrXkgjNVpPwmQ==", "title"=>"number 72", "description"=>"wefhwef", "commit"=>"Submit Post"}
  [1m[35m (0.1ms)[0m  [1m[36mbegin transaction[0m
  [1m[35mSQL (0.4ms)[0m  [1m[32mINSERT INTO "posts" ("title", "description", "created_at", "updated_at") VALUES (?, ?, ?, ?)[0m  [["title", "number 72"], ["description", "wefhwef"], ["created_at", "2019-09-01 14:39:58.573615"], ["updated_at", "2019-09-01 14:39:58.573615"]]
  [1m[35m (1.4ms)[0m  [1m[36mcommit transaction[0m
Redirected to http://localhost:3000post_path
Completed 302 Found in 4ms (ActiveRecord: 1.9ms)


  [1m[36mPost Load (0.1ms)[0m  [1m[34mSELECT "posts".* FROM "posts"[0m
  [1m[36mPost Load (0.2ms)[0m  [1m[34mSELECT  "posts".* FROM "posts" ORDER BY "posts"."id" DESC LIMIT ?[0m  [["LIMIT", 1]]
Started POST "/posts" for ::1 at 2019-09-01 15:40:34 +0100
Processing by PostsController#create as HTML
  Parameters: {"utf8"=>"✓", "authenticity_token"=>"BaOcZpZh/LlwUh/LvrpbQuJ0uYdq8JYVhEDSjTFsUpDhGcCbh9YkMpmYbvZ4S3hoGYeUxDkDeJrXkgjNVpPwmQ==", "title"=>"number 87", "description"=>"jiorgj", "commit"=>"Submit Post"}
  [1m[35m (0.1ms)[0m  [1m[36mbegin transaction[0m
  [1m[35mSQL (0.5ms)[0m  [1m[32mINSERT INTO "posts" ("title", "description", "created_at", "updated_at") VALUES (?, ?, ?, ?)[0m  [["title", "number 87"], ["description", "jiorgj"], ["created_at", "2019-09-01 14:40:34.964267"], ["updated_at", "2019-09-01 14:40:34.964267"]]
  [1m[35m (2.7ms)[0m  [1m[36mcommit transaction[0m
Redirected to http://localhost:3000/posts
Completed 302 Found in 20ms (ActiveRecord: 4.0ms)


Started GET "/posts" for ::1 at 2019-09-01 15:40:34 +0100
Processing by PostsController#index as HTML
  Rendering posts/index.html.erb within layouts/application
  [1m[36mPost Load (0.2ms)[0m  [1m[34mSELECT "posts".* FROM "posts"[0m
  Rendered posts/index.html.erb within layouts/application (1.5ms)
Completed 200 OK in 55ms (Views: 50.4ms | ActiveRecord: 0.2ms)


Started POST "/posts" for ::1 at 2019-09-01 15:40:53 +0100
Processing by PostsController#create as HTML
  Parameters: {"utf8"=>"✓", "authenticity_token"=>"BaOcZpZh/LlwUh/LvrpbQuJ0uYdq8JYVhEDSjTFsUpDhGcCbh9YkMpmYbvZ4S3hoGYeUxDkDeJrXkgjNVpPwmQ==", "title"=>"number 99", "description"=>"this one should work", "commit"=>"Submit Post"}
  [1m[35m (0.1ms)[0m  [1m[36mbegin transaction[0m
  [1m[35mSQL (0.3ms)[0m  [1m[32mINSERT INTO "posts" ("title", "description", "created_at", "updated_at") VALUES (?, ?, ?, ?)[0m  [["title", "number 99"], ["description", "this one should work"], ["created_at", "2019-09-01 14:40:53.192912"], ["updated_at", "2019-09-01 14:40:53.192912"]]
  [1m[35m (2.2ms)[0m  [1m[36mcommit transaction[0m
Redirected to http://localhost:3000/posts/11
Completed 302 Found in 24ms (ActiveRecord: 5.2ms)


Started GET "/posts/11" for ::1 at 2019-09-01 15:40:53 +0100
Processing by PostsController#show as HTML
  Parameters: {"id"=>"11"}
  [1m[36mPost Load (0.2ms)[0m  [1m[34mSELECT  "posts".* FROM "posts" WHERE "posts"."id" = ? LIMIT ?[0m  [["id", 11], ["LIMIT", 1]]
  Rendering posts/show.html.erb within layouts/application
  Rendered posts/show.html.erb within layouts/application (1.8ms)
Completed 200 OK in 56ms (Views: 47.3ms | ActiveRecord: 0.2ms)


